<?xml version="1.0" encoding="UTF-8"?>
<testsuite xmlns:xsi="http://www.w3.org/2001/XMLSchema-instance" xsi:noNamespaceSchemaLocation="https://maven.apache.org/surefire/maven-surefire-plugin/xsd/surefire-test-report.xsd" name="com.google.protobuf.GeneratedMessageTest" time="0.165" tests="73" errors="0" skipped="0" failures="0">
  <properties>
[...]
</properties>
  <testcase name="testRepeatedSetters" classname="com.google.protobuf.GeneratedMessageTest" time="0"/>
  <testcase name="testReflectionGetters" classname="com.google.protobuf.GeneratedMessageTest" time="0.002"/>
  <testcase name="testMessageOrBuilder" classname="com.google.protobuf.GeneratedMessageTest" time="0"/>
  <testcase name="testEnumValues" classname="com.google.protobuf.GeneratedMessageTest" time="0"/>
  <testcase name="testExtensionReflectionSettersRejectNull" classname="com.google.protobuf.GeneratedMessageTest" time="0"/>
  <testcase name="testEnumMap" classname="com.google.protobuf.GeneratedMessageTest" time="0.001"/>
  <testcase name="testDefaultInstance" classname="com.google.protobuf.GeneratedMessageTest" time="0"/>
  <testcase name="testMessageOrBuilderGetters" classname="com.google.protobuf.GeneratedMessageTest" time="0.001"/>
  <testcase name="testExtensionReflectionDefaults" classname="com.google.protobuf.GeneratedMessageTest" time="0.002"/>
  <testcase name="testInvalidations_Extensions" classname="com.google.protobuf.GeneratedMessageTest" time="0.002"/>
  <testcase name="testClearOneof" classname="com.google.protobuf.GeneratedMessageTest" time="0.008"/>
  <testcase name="testExtensionDefaults" classname="com.google.protobuf.GeneratedMessageTest" time="0.001"/>
  <testcase name="testParsedMessagesAreImmutable" classname="com.google.protobuf.GeneratedMessageTest" time="0.001"/>
  <testcase name="testOneofNestedBuilderOnChangePropagation" classname="com.google.protobuf.GeneratedMessageTest" time="0.015"/>
  <testcase name="testSerializePartial" classname="com.google.protobuf.GeneratedMessageTest" time="0.006"/>
  <testcase name="testClear" classname="com.google.protobuf.GeneratedMessageTest" time="0"/>
  <testcase name="testExtensionReflectionGetters" classname="com.google.protobuf.GeneratedMessageTest" time="0.001"/>
  <testcase name="testReflectionGetOneof" classname="com.google.protobuf.GeneratedMessageTest" time="0.002"/>
  <testcase name="testNestedExtensionInitialization" classname="com.google.protobuf.GeneratedMessageTest" time="0.009"/>
  <testcase name="testParseUnpackedToPacked" classname="com.google.protobuf.GeneratedMessageTest" time="0"/>
  <testcase name="testReflectionClearOneof" classname="com.google.protobuf.GeneratedMessageTest" time="0.001"/>
  <testcase name="testToBuilder" classname="com.google.protobuf.GeneratedMessageTest" time="0.002"/>
  <testcase name="testExtensionCopy" classname="com.google.protobuf.GeneratedMessageTest" time="0.002"/>
  <testcase name="testOneofSerialization" classname="com.google.protobuf.GeneratedMessageTest" time="0.004"/>
  <testcase name="testExtensionRepeatedSetters" classname="com.google.protobuf.GeneratedMessageTest" time="0.001"/>
  <testcase name="testNonNestedExtensionInitialization" classname="com.google.protobuf.GeneratedMessageTest" time="0"/>
  <testcase name="testConflictingOuterClassName" classname="com.google.protobuf.GeneratedMessageTest" time="0.012"/>
  <testcase name="testBaseMessageOrBuilder" classname="com.google.protobuf.GeneratedMessageTest" time="0"/>
  <testcase name="testEnumValueOptionsInMultipleFilesMode" classname="com.google.protobuf.GeneratedMessageTest" time="0.004"/>
  <testcase name="testSettingRepeatedForeignMessageUsingBuilder" classname="com.google.protobuf.GeneratedMessageTest" time="0"/>
  <testcase name="testGetFieldBuilderNotSupportedException" classname="com.google.protobuf.GeneratedMessageTest" time="0.001"/>
  <testcase name="testReflectionRepeatedSetters" classname="com.google.protobuf.GeneratedMessageTest" time="0.001"/>
  <testcase name="testUnsetRepeatedExtensionGetField" classname="com.google.protobuf.GeneratedMessageTest" time="0"/>
  <testcase name="testReflectionSetters" classname="com.google.protobuf.GeneratedMessageTest" time="0.001"/>
  <testcase name="testExtensionReflectionRepeatedSetters" classname="com.google.protobuf.GeneratedMessageTest" time="0.001"/>
  <testcase name="testSerialize" classname="com.google.protobuf.GeneratedMessageTest" time="0.005"/>
  <testcase name="testUninitializedExtensionInOptimizedForSize" classname="com.google.protobuf.GeneratedMessageTest" time="0.005"/>
  <testcase name="testExtensionMessageOrBuilder" classname="com.google.protobuf.GeneratedMessageTest" time="0.003"/>
  <testcase name="testFieldConstantValues" classname="com.google.protobuf.GeneratedMessageTest" time="0"/>
  <testcase name="testRepeatedAppendRejectsNull" classname="com.google.protobuf.GeneratedMessageTest" time="0"/>
  <testcase name="testExtensionReflectionRepeatedSettersRejectNull" classname="com.google.protobuf.GeneratedMessageTest" time="0"/>
  <testcase name="testReflectionSettersRejectNull" classname="com.google.protobuf.GeneratedMessageTest" time="0.001"/>
  <testcase name="testRepeatedAppendIterateOnlyOnce" classname="com.google.protobuf.GeneratedMessageTest" time="0.001"/>
  <testcase name="testOneofMerge" classname="com.google.protobuf.GeneratedMessageTest" time="0"/>
  <testcase name="testOneofTypes" classname="com.google.protobuf.GeneratedMessageTest" time="0"/>
  <testcase name="testSetOneofClearsOthers" classname="com.google.protobuf.GeneratedMessageTest" time="0.001"/>
  <testcase name="testGetFieldBuilderWithInitializedValue" classname="com.google.protobuf.GeneratedMessageTest" time="0"/>
  <testcase name="testRecursiveMessageDefaultInstance" classname="com.google.protobuf.GeneratedMessageTest" time="0"/>
  <testcase name="testRepeatedArraysAreImmutable" classname="com.google.protobuf.GeneratedMessageTest" time="0"/>
  <testcase name="testSettingForeignMessageUsingBuilder" classname="com.google.protobuf.GeneratedMessageTest" time="0.001"/>
  <testcase name="testGetRepeatedFieldBuilderNotSupportedException" classname="com.google.protobuf.GeneratedMessageTest" time="0"/>
  <testcase name="testReflectionRepeatedSettersRejectNull" classname="com.google.protobuf.GeneratedMessageTest" time="0.001"/>
  <testcase name="testRepeatedSettersRejectNull" classname="com.google.protobuf.GeneratedMessageTest" time="0"/>
  <testcase name="testExtensionReflectionSetters" classname="com.google.protobuf.GeneratedMessageTest" time="0.001"/>
  <testcase name="testParsePackedToUnpacked" classname="com.google.protobuf.GeneratedMessageTest" time="0.002"/>
  <testcase name="testClearExtension" classname="com.google.protobuf.GeneratedMessageTest" time="0.001"/>
  <testcase name="testOptionalFieldWithRequiredSubfieldsOptimizedForSize" classname="com.google.protobuf.GeneratedMessageTest" time="0.008"/>
  <testcase name="testUsingBuilderMultipleTimes" classname="com.google.protobuf.GeneratedMessageTest" time="0"/>
  <testcase name="testInvalidations" classname="com.google.protobuf.GeneratedMessageTest" time="0.001"/>
  <testcase name="testDefaults" classname="com.google.protobuf.GeneratedMessageTest" time="0"/>
  <testcase name="testProtosShareRepeatedArraysIfDidntChange" classname="com.google.protobuf.GeneratedMessageTest" time="0"/>
  <testcase name="testMultipleFilesOption" classname="com.google.protobuf.GeneratedMessageTest" time="0.012"/>
  <testcase name="testGetRepeatedFieldBuilderWithInitializedValue" classname="com.google.protobuf.GeneratedMessageTest" time="0"/>
  <testcase name="testExtensionMergeFrom" classname="com.google.protobuf.GeneratedMessageTest" time="0"/>
  <testcase name="testRepeatedAppend" classname="com.google.protobuf.GeneratedMessageTest" time="0"/>
  <testcase name="testGetRepeatedFieldBuilder" classname="com.google.protobuf.GeneratedMessageTest" time="0.001"/>
  <testcase name="testExtensionConstantValues" classname="com.google.protobuf.GeneratedMessageTest" time="0"/>
  <testcase name="testGetFieldBuilder" classname="com.google.protobuf.GeneratedMessageTest" time="0"/>
  <testcase name="testOneofEnumCase" classname="com.google.protobuf.GeneratedMessageTest" time="0"/>
  <testcase name="testReflectionDefaults" classname="com.google.protobuf.GeneratedMessageTest" time="0.001"/>
  <testcase name="testMergeFromOtherRejectsNull" classname="com.google.protobuf.GeneratedMessageTest" time="0"/>
  <testcase name="testSettersRejectNull" classname="com.google.protobuf.GeneratedMessageTest" time="0"/>
  <testcase name="testEnumInterface" classname="com.google.protobuf.GeneratedMessageTest" time="0"/>
</testsuite>